<?xml version="1.0" encoding="UTF-8"?>
<!-- Generated by org.testng.reporters.JUnitReportReporter -->
<testsuite hostname="HPDB0266" name="org.TestNG.app.BingTranslator.Test.BingTranslatorTest" tests="1" failures="0" timestamp="4 Mar 2016 11:49:17 GMT" time="16.382" errors="0">
  <testcase name="Test_01" time="16.382" classname="org.TestNG.app.BingTranslator.Test.BingTranslatorTest"/>
</testsuite> <!-- org.TestNG.app.BingTranslator.Test.BingTranslatorTest -->
