<?xml version="1.0" encoding="UTF-8"?>
<!-- Generated by org.testng.reporters.JUnitReportReporter -->
<testsuite hostname="HPDB0266" name="org.TestNG.app.BingTranslator.Test.RunTests" tests="1" failures="0" timestamp="7 Mar 2016 12:22:04 GMT" time="0.476" errors="0">
  <testcase name="run_cukes" time="0.476" classname="org.TestNG.app.BingTranslator.Test.RunTests"/>
</testsuite> <!-- org.TestNG.app.BingTranslator.Test.RunTests -->
